<?xml version="1.0" encoding="UTF-8"?>
<!-- Generated by org.testng.reporters.JUnitReportReporter -->
<testsuite skipped="0" hostname="ankit-desktop" name="com.umbrella.Amazon.GuiTests.VerifyVideoStreaming" tests="1" failures="0" timestamp="29 Jan 2018 18:42:10 GMT" time="9.868" errors="0">
  <testcase name="verifyYouTube" time="9.868" classname="com.umbrella.Amazon.GuiTests.VerifyVideoStreaming"/>
</testsuite> <!-- com.umbrella.Amazon.GuiTests.VerifyVideoStreaming -->
