<?xml version="1.0" encoding="UTF-8"?>
<!-- Generated by org.testng.reporters.JUnitReportReporter -->
<testsuite skipped="0" hostname="ankit-desktop" name="com.umbrella.MakeMyTrip.FunctionalTest.VerifyYouTubeFunctionality" tests="1" failures="0" timestamp="09 Feb 2018 14:41:59 GMT" time="10.764" errors="0">
  <testcase name="SkipAddTest" time="10.764" classname="com.umbrella.MakeMyTrip.FunctionalTest.VerifyYouTubeFunctionality"/>
</testsuite> <!-- com.umbrella.MakeMyTrip.FunctionalTest.VerifyYouTubeFunctionality -->
