<?xml version="1.0" encoding="UTF-8"?>
<!-- Generated by org.testng.reporters.JUnitReportReporter -->
<testsuite skipped="1" hostname="ankit-desktop" name="com.umbrella.Amazon.GenericTests.VerifyVariousListBox" tests="1" failures="0" timestamp="01 Feb 2018 12:02:49 GMT" time="0.000" errors="0">
  <testcase name="verifyDataListFilter" time="0.000" classname="com.umbrella.Amazon.GenericTests.VerifyVariousListBox">
    <skipped/>
  </testcase> <!-- verifyDataListFilter -->
</testsuite> <!-- com.umbrella.Amazon.GenericTests.VerifyVariousListBox -->
